[843 ## A.W. Holt ## 206 ## 86 ## 1949 ## nao informado ## nao informado ## nao informado]
[3225 ## Aaron Gray ## 213 ## 122 ## 1984 ## University of Pittsburgh ## Tarzana ## California]
[2315 ## Aaron Williams ## 206 ## 99 ## 1971 ## Xavier University ## Evanston ## Illinois]
[2210 ## Adam Keefe ## 206 ## 104 ## 1970 ## Stanford University ## Irvine ## California]
[3674 ## Adonis Thomas ## 201 ## 90 ## 1993 ## University of Memphis ## Memphis ## Tennessee]
[3742 ## Adreian Payne ## 208 ## 107 ## 1991 ## Michigan State University ## Dayton ## Ohio]
[3005 ## Al Jefferson ## 208 ## 131 ## 1985 ## nao informado ## Monticello ## Mississippi]
[346 ## Al Roges ## 193 ## 88 ## 1930 ## Long Island University ## nao informado ## nao informado]
[3649 ## Alex Len ## 216 ## 117 ## 1993 ## University of Maryland ## Antratsit ## Ukraine]
[269 ## Alfred McGuire* ## 188 ## 81 ## 1928 ## St. John's University ## New York ## New York]
[2277 ## Allan Houston ## 198 ## 90 ## 1971 ## University of Tennessee ## Louisville ## Kentucky]
[1006 ## Allie McGuire ## 188 ## 81 ## 1928 ## St. John's University ## New York ## New York]
[2404 ## Alvin Heggs ## 203 ## 102 ## 1967 ## University of Texas at Austin ## Jacksonville ## Florida]
[2818 ## Alvin Jones ## 211 ## 120 ## 1978 ## Georgia Institute of Technology ## Luxembourg ## Luxembourg]
[3049 ## Andray Blatche ## 211 ## 106 ## 1986 ## nao informado ## Syracuse ## New York]
[3140 ## Andre Brown ## 206 ## 111 ## 1981 ## DePaul University ## Chicago ## Illinois]
[2994 ## Andre Emmett ## 196 ## 104 ## 1982 ## Texas Tech University ## Dallas ## Texas]
[3668 ## Andre Roberson ## 196 ## 83 ## 1955 ## Oral Roberts University ## Chattanooga ## Tennessee]
[1823 ## Andre Turner ## 180 ## 72 ## 1964 ## University of Memphis ## Memphis ## Tennessee]
[3435 ## Andy Rautins ## 193 ## 86 ## 1986 ## Syracuse University ## Syracuse ## New York]
[2065 ## Anthony Cook ## 206 ## 92 ## 1967 ## University of Arizona ## Los Angeles ## California]
[3309 ## Anthony Morrow ## 196 ## 95 ## 1985 ## Georgia Institute of Technology ## Charlotte ## North Carolina]
[3535 ## Aron Baynes ## 208 ## 117 ## 1986 ## Washington State University ## Gisborne ## New Zealand]
[384 ## Art Spoelstra ## 206 ## 99 ## 1932 ## Western Kentucky University ## nao informado ## nao informado]
[888 ## Austin Carr ## 193 ## 90 ## 1948 ## University of Notre Dame ## Washington ## District of Columbia]
[2532 ## Austin Croshere ## 206 ## 106 ## 1975 ## Providence College ## Los Angeles ## California]
[3395 ## Avery Bradley ## 188 ## 81 ## 1990 ## University of Texas at Austin ## Tacoma ## Washington]
[1922 ## Avery Johnson ## 178 ## 79 ## 1965 ## Southern University and A&M College ## New Orleans ## Louisiana]
[3029 ## Awvee Storey ## 198 ## 100 ## 1977 ## Arizona State University ## Chicago ## Illinois]
[2997 ## Ben Gordon ## 190 ## 90 ## 1983 ## University of Connecticut ## London ## United Kingdom]
[2937 ## Ben Handlogten ## 208 ## 108 ## 1973 ## Western Michigan University ## Grand Rapids ## Michigan]
[1274 ## Ben Poquette ## 206 ## 106 ## 1955 ## Central Michigan University ## Ann Arbor ## Michigan]
[596 ## Ben Warley ## 196 ## 90 ## 1936 ## Tennessee State University ## Washington ## District of Columbia]
[1262 ## Bernard King* ## 201 ## 92 ## 1956 ## University of Tennessee ## Brooklyn ## New York]
[550 ## Bevo Nordmann ## 208 ## 102 ## 1939 ## Saint Louis University ## St. Louis ## Missouri]
[324 ## Bill Bolger ## 196 ## 92 ## 1931 ## Georgetown University ## nao informado ## nao informado]
[984 ## Bill Chamberlain ## 198 ## 85 ## 1949 ## University of North Carolina ## nao informado ## nao informado]
[2261 ## Bill Edwards ## 203 ## 97 ## 1971 ## Wright State University ## Middletown ## Ohio]
[763 ## Bill Hewitt ## 201 ## 95 ## 1944 ## University of Southern California ## Cambridge ## Massachusetts]
[78 ## Billy Hassett ## 180 ## 81 ## 1921 ## University of Notre Dame ## nao informado ## nao informado]
[233 ## Bob Cousy* ## 185 ## 79 ## 1928 ## College of the Holy Cross ## New York ## New York]
[50 ## Bob Feerick ## 190 ## 86 ## 1920 ## Santa Clara University ## San Francisco ## California]
[766 ## Bob Kauffman ## 203 ## 108 ## 1946 ## Guilford College ## Brooklyn ## New York]
[296 ## Bob Lochmueller ## 196 ## 83 ## 1927 ## University of Louisville ## nao informado ## nao informado]
[810 ## Bob Portman ## 196 ## 90 ## 1947 ## Creighton University ## San Francisco ## California]
[667 ## Bob Warlick ## 196 ## 90 ## 1941 ## Pepperdine University ## Hickory ## North Carolina]
[1224 ## Bob Wilkerson ## 198 ## 88 ## 1954 ## Indiana University ## Anderson ## Indiana]
[3275 ## Bobby Brown ## 193 ## 92 ## 1923 ## Miami University ## Versailles ## Ohio]
[1480 ## Bobby Cattage ## 206 ## 113 ## 1958 ## Auburn University ## Huntsville ## Alabama]
[877 ## Bobby Washington ## 180 ## 79 ## 1947 ## Eastern Kentucky University ## nao informado ## nao informado]
[3263 ## Brandan Wright ## 211 ## 102 ## 1962 ## University of California - Los Angeles ## Hollywood ## California]
[2779 ## Brandon Armstrong ## 196 ## 85 ## 1980 ## Pepperdine University ## San Francisco ## California]
[3188 ## Brandon Roy ## 198 ## 97 ## 1984 ## University of Washington ## Seattle ## Washington]
[2580 ## Brandon Williams ## 198 ## 97 ## 1975 ## Davidson College ## Collinston ## Louisiana]
[2380 ## Brent Barry ## 198 ## 83 ## 1971 ## Oregon State University ## Hempstead ## New York]
[2503 ## Brent Scott ## 208 ## 113 ## 1971 ## Rice University ## Jackson ## Michigan]
[2713 ## Brian Cardinal ## 203 ## 111 ## 1977 ## Purdue University ## Tolono ## Illinois]
[2367 ## Brooks Thompson ## 193 ## 87 ## 1970 ## Oklahoma State University ## Dallas ## Texas]
[2453 ## Bruce Bowen ## 201 ## 83 ## 1971 ## California State University - Fullerton ## Merced ## California]
[1544 ## Bruce Flowers ## 203 ## 102 ## 1957 ## University of Notre Dame ## Rochester ## New York]
[2426 ## Bryant Reeves ## 213 ## 124 ## 1973 ## Oklahoma State University ## Fort Smith ## Arkansas]
[3697 ## Bryce Cotton ## 185 ## 74 ## 1992 ## Providence College ## Tucson ## Arizona]
[1052 ## Campy Russell ## 196 ## 98 ## 1944 ## University of Michigan ## Chicago ## Illinois]
[1470 ## Carl Bailey ## 213 ## 95 ## 1958 ## Tuskegee University ## Birmingham ## Alabama]
[1371 ## Carl Kilpatrick ## 208 ## 104 ## 1956 ## University of Louisiana at Monroe ## Bastrop ## Louisiana]
[2907 ## Carmelo Anthony ## 203 ## 108 ## 1984 ## Syracuse University ## New York ## New York]
[3138 ## Cedric Bozeman ## 198 ## 93 ## 1983 ## University of California - Los Angeles ## Los Angeles ## California]
[2897 ## Cezary Trybanski ## 218 ## 108 ## 1979 ## nao informado ## Warsaw ## Poland]
[1475 ## Charles Bradley ## 196 ## 97 ## 1959 ## University of Wyoming ## Havre De Grace ## Maryland]
[2559 ## Charles O'Bannon ## 196 ## 94 ## 1975 ## University of California - Los Angeles ## Bellflower ## California]
[3850 ## Cheick Diallo ## 206 ## 99 ## 1996 ## University of Kansas ## Kayes ## Mali]
[3892 ## Chinanu Onuaku ## 208 ## 111 ## 1996 ## University of Louisville ## Baltimore ## Maryland]
[2323 ## Chris Childs ## 190 ## 88 ## 1967 ## Boise State University ## Bakersfield ## California]
[3799 ## Chris McCullough ## 211 ## 90 ## 1995 ## Syracuse University ## Bronx ## New York]
[2295 ## Chris Mills ## 198 ## 97 ## 1970 ## University of Arizona ## Los Angeles ## California]
[245 ## Chuck Mrazovich ## 196 ## 83 ## 1924 ## Eastern Kentucky University ## nao informado ## nao informado]
[896 ## Clarence Glover ## 203 ## 95 ## 1947 ## Western Kentucky University ## Horse Cave ## Kentucky]
[542 ## Cleo Hill ## 185 ## 83 ## 1938 ## Winston-Salem State University ## Newark ## New Jersey]
[1109 ## Cliff Pondexter ## 206 ## 105 ## 1954 ## California State University - Long Beach ## Fresno ## California]
[2360 ## Clifford Rozier ## 211 ## 111 ## 1972 ## University of Louisville ## Bradenton ## Florida]
[1144 ## Coby Dietrick ## 208 ## 99 ## 1948 ## San Jose State University ## Riverside ## California]
[471 ## Connie Dierking ## 206 ## 100 ## 1936 ## University of Cincinnati ## Brooklyn ## New York]
[2585 ## Corey Benjamin ## 198 ## 90 ## 1978 ## Oregon State University ## Compton ## California]
[3210 ## Corey Brewer ## 206 ## 84 ## 1986 ## University of Florida ## Portland ## Tennessee]
[2447 ## Corliss Williamson ## 188 ## 86 ## 1970 ## Oklahoma State University ## Twiggs ## Georgia]
[3770 ## Coty Clarke ## 201 ## 105 ## 1992 ## University of Arkansas ## Antioch ## Tennessee]
[3301 ## Courtney Lee ## 196 ## 90 ## 1985 ## Western Kentucky University ## Indianapolis ## Indiana]
[3394 ## Craig Brackins ## 208 ## 104 ## 1987 ## Iowa State University ## Los Angeles ## California]
[2915 ## Curtis Borchardt ## 213 ## 108 ## 1980 ## Stanford University ## Buffalo ## New York]
[3488 ## D.J. Kennedy ## 211 ## 111 ## 1992 ## nao informado ## nao informado ## nao informado]
[2947 ## Dahntay Jones ## 190 ## 83 ## 1976 ## University of Houston ## Galveston ## Texas]
[1604 ## Dale Ellis ## 201 ## 92 ## 1960 ## University of Tennessee ## Marietta ## Georgia]
[3570 ## Damian Lillard ## 190 ## 88 ## 1990 ## Weber State University ## Oakland ## California]
[2788 ## Damone Brown ## 188 ## 79 ## 1923 ## Humboldt State University ## Eureka ## California]
[1635 ## Dane Suttle ## 190 ## 86 ## 1961 ## Pepperdine University ## Los Angeles ## California]
[2069 ## Danny Ferry ## 208 ## 104 ## 1966 ## Duke University ## Hyattsville ## Maryland]
[1523 ## Danny Vranes ## 201 ## 95 ## 1958 ## University of Utah ## Salt Lake City ## Utah]
[3258 ## Darius Washington ## 188 ## 88 ## 1985 ## University of Memphis ## Winter Park ## Florida]
[2294 ## Darnell Mee ## 196 ## 79 ## 1971 ## Western Kentucky University ## Cleveland ## Tennessee]
[2330 ## Darrin Hancock ## 201 ## 92 ## 1971 ## University of Kansas ## Birmingham ## Alabama]
[3259 ## Darryl Watkins ## 211 ## 117 ## 1984 ## Syracuse University ## Paterson ## New Jersey]
[680 ## Dave Deutsch ## 185 ## 77 ## 1945 ## University of Rochester ## Brooklyn ## New York]
[576 ## Dave Gunther ## 201 ## 86 ## 1937 ## University of Iowa ## nao informado ## nao informado]
[1850 ## Dave Hoppen ## 211 ## 106 ## 1964 ## University of Nebraska ## Omaha ## Nebraska]
[270 ## Dave Minor ## 188 ## 83 ## 1922 ## University of California - Los Angeles ## Missouri ## nao informado]
[1199 ## Dave Robisch ## 208 ## 106 ## 1949 ## University of Kansas ## Cincinnati ## Ohio]
[3890 ## David Nwaba ## 193 ## 94 ## 1993 ## California Polytechnic State University - San Luis Obispo ## Los Angeles ## California]
[2031 ## David Robinson* ## 216 ## 106 ## 1965 ## United States Naval Academy ## Key West ## Florida]
[1580 ## David Thirdkill ## 201 ## 88 ## 1960 ## Bradley University ## St. Louis ## Missouri]
[3333 ## DeJuan Blair ## 201 ## 122 ## 1989 ## University of Pittsburgh ## Pittsburgh ## Pennsylvania]
[2578 ## DeJuan Wheat ## 183 ## 74 ## 1973 ## University of Louisville ## Louisville ## Kentucky]
[3337 ## DeMarre Carroll ## 203 ## 97 ## 1986 ## University of Missouri ## Birmingham ## Alabama]
[1288 ## Del Beshore ## 180 ## 74 ## 1956 ## California University of Pennslyvania ## Mechanicsburg ## Pennsylvania]
[3831 ## Delon Wright ## 196 ## 83 ## 1992 ## University of Utah ## Los Angeles ## California]
[1032 ## Dennis DuVal ## 190 ## 79 ## 1952 ## Syracuse University ## Westbury ## New York]
[2543 ## Derek Grimm ## 206 ## 104 ## 1974 ## University of Missouri ## Peoria ## Illinois]
[3396 ## Derrick Caracter ## 206 ## 124 ## 1988 ## University of Texas at El Paso ## Fanwood ## New Jersey]
[3408 ## Derrick Favors ## 208 ## 120 ## 1991 ## Georgia Institute of Technology ## Atlanta ## Georgia]
[2187 ## Dexter Cambridge ## 201 ## 101 ## 1970 ## University of Texas at Austin ## Eleuthra ## Bahamas]
[390 ## Dick Atha ## 188 ## 86 ## 1931 ## Indiana State University ## Otterbein ## Indiana]
[446 ## Dick Duckett ## 185 ## 83 ## 1933 ## St. John's University ## nao informado ## nao informado]
[292 ## Dick Groat ## 180 ## 81 ## 1930 ## Duke University ## Wilkinsburg ## Pennsylvania]
[402 ## Dick Hemric ## 198 ## 99 ## 1933 ## Wake Forest University ## Jonesville ## North Carolina]
[410 ## Dick Ricketts ## 201 ## 97 ## 1933 ## Duquesne University ## Pottstown ## Pennsylvania]
[699 ## Dick Snyder ## 196 ## 93 ## 1944 ## Davidson College ## North Canton ## Ohio]
[208 ## Dick Triptow ## 183 ## 77 ## 1922 ## DePaul University ## Chicago ## Illinois]
[3621 ## Dionte Christmas ## 196 ## 92 ## 1986 ## Temple University ## Philadelphia ## Pennsylvania]
[182 ## Dolph Schayes* ## 203 ## 99 ## 1928 ## New York University ## New York ## New York]
[1084 ## Don Ford ## 206 ## 97 ## 1952 ## University of California - Santa Barbara ## Santa Barbara ## California]
[2213 ## Don MacLean ## 208 ## 106 ## 1970 ## University of California - Los Angeles ## Palo Alto ## California]
[585 ## Don Nelson* ## 198 ## 95 ## 1940 ## University of Iowa ## Muskegon ## Michigan]
[150 ## Don Otten ## 208 ## 108 ## 1921 ## Bowling Green State University ## Bellefontaine ## Ohio]
[349 ## Don Sunderlage ## 185 ## 81 ## 1929 ## University of Illinois at Urbana-Champaign ## Roselle ## Illinois]
[2033 ## Donald Royal ## 203 ## 95 ## 1966 ## University of Notre Dame ## New Orleans ## Louisiana]
[2727 ## Donnell Harvey ## 203 ## 99 ## 1980 ## University of Florida ## Shellman ## Georgia]
[1086 ## Donnie Freeman ## 190 ## 83 ## 1944 ## University of Illinois at Urbana-Champaign ## Madison ## Illinois]
[3024 ## Donta Smith ## 188 ## 86 ## 1920 ## University of Minnesota ## Minnesota ## nao informado]
[3286 ## Donte Greene ## 211 ## 102 ## 1988 ## Syracuse University ## Munich ## Germany]
[3856 ## Dorian Finney-Smith ## 203 ## 99 ## 1993 ## University of Florida ## Portsmouth ## Virginia]
[2060 ## Duane Causwell ## 213 ## 108 ## 1968 ## Temple University ## Queens Village ## New York]
[1387 ## Duck Williams ## 188 ## 81 ## 1956 ## University of Notre Dame ## Demopolis ## Alabama]
[3000 ## Dwight Howard ## 211 ## 120 ## 1985 ## nao informado ## Atlanta ## Georgia]
[3045 ## Earl Barron ## 213 ## 113 ## 1981 ## University of Memphis ## Clarksdale ## Mississippi]
[2798 ## Eddy Curry ## 213 ## 133 ## 1982 ## nao informado ## Harvey ## Illinois]
[1420 ## Edgar Jones ## 208 ## 102 ## 1956 ## University of Nevada - Reno ## Fort Rucker ## Alabama]
[2059 ## Elden Campbell ## 211 ## 97 ## 1968 ## Clemson University ## Los Angeles ## California]
[465 ## Elgin Baylor* ## 196 ## 102 ## 1934 ## Seattle University ## Washington ## District of Columbia]
[2320 ## Elmer Bennett ## 183 ## 77 ## 1970 ## University of Notre Dame ## Evanston ## Illinois]
[3392 ## Eric Bledsoe ## 185 ## 86 ## 1989 ## University of Kentucky ## Birmingham ## Alabama]
[2459 ## Erick Dampier ## 211 ## 120 ## 1975 ## Mississippi State University ## Jackson ## Mississippi]
[322 ## Ernie Beck ## 193 ## 86 ## 1931 ## University of Pennsylvania ## Philadelphia ## Pennsylvania]
[991 ## Ernie DiGregorio ## 183 ## 81 ## 1951 ## Providence College ## North Providence ## Rhode Island]
[211 ## Ernie Vandeweghe ## 190 ## 88 ## 1928 ## Colgate University ## Montreal ## Canada]
[3445 ## Evan Turner ## 201 ## 99 ## 1988 ## Ohio State University ## Chicago ## Illinois]
[1211 ## Fatty Taylor ## 183 ## 79 ## 1946 ## La Salle University ## Washington ## District of Columbia]
[380 ## Frank Ramsey* ## 190 ## 86 ## 1931 ## University of Kentucky ## Corydon ## Kentucky]
[345 ## Frank Reddout ## 196 ## 88 ## 1935 ## Syracuse University ## nao informado ## nao informado]
[382 ## Frank Selvy ## 190 ## 81 ## 1932 ## Furman University ## Corbin ## Kentucky]
[2408 ## Frankie King ## 185 ## 83 ## 1972 ## Western Carolina University ## Baxley ## Georgia]
[2874 ## Fred Jones ## 193 ## 95 ## 1979 ## University of Oregon ## Malvern ## Arkansas]
[519 ## Fred LaCour ## 196 ## 95 ## 1938 ## University of San Francisco ## nao informado ## nao informado]
[1053 ## Fred Saunders ## 201 ## 95 ## 1951 ## Syracuse University ## Columbus ## Ohio]
[1337 ## Freeman Williams ## 193 ## 86 ## 1956 ## Portland State University ## Los Angeles ## California]
[1356 ## Gary Garland ## 193 ## 81 ## 1957 ## DePaul University ## East Orange ## New Jersey]
[2271 ## Geert Hammink ## 213 ## 118 ## 1969 ## Louisiana State University ## Didam ## Netherlands]
[5 ## Gene Berce ## 180 ## 79 ## 1926 ## Marquette University ## nao informado ## nao informado]
[1299 ## Geoff Crompton ## 211 ## 127 ## 1955 ## University of North Carolina ## Burlington ## North Carolina]
[1363 ## Geoff Huston ## 188 ## 79 ## 1957 ## Texas Tech University ## Brooklyn ## New York]
[191 ## George Senesky ## 188 ## 81 ## 1922 ## Saint Joseph's University ## Mahanoy City ## Pennsylvania]
[647 ## George Wilson ## 203 ## 102 ## 1942 ## University of Cincinnati ## Meridian ## Mississippi]
[2610 ## Gerard King ## 183 ## 79 ## 1928 ## University of Charleston ## Charleston ## West Virginia]
[2268 ## Greg Graham ## 193 ## 78 ## 1970 ## Indiana University ## Indianapolis ## Indiana]
[1369 ## Greg Kelser ## 201 ## 86 ## 1957 ## Michigan State University ## Panama City ## Florida]
[2423 ## Greg Ostertag ## 218 ## 127 ## 1973 ## University of Kansas ## Dallas ## Texas]
[782 ## Greg Smith ## 196 ## 88 ## 1947 ## Western Kentucky University ## Princeton ## Kentucky]
[1021 ## Gus Bailey ## 196 ## 83 ## 1951 ## University of Texas at El Paso ## Gibson ## North Carolina]
[609 ## Gus Johnson* ## 198 ## 104 ## 1938 ## University of Idaho ## Akron ## Ohio]
[3453 ## Gustavo Ayon ## 208 ## 113 ## 1985 ## nao informado ## Tepic ## Mexico]
[631 ## Happy Hairston ## 201 ## 102 ## 1942 ## New York University ## Winston-Salem ## North Carolina]
[1346 ## Hollis Copeland ## 198 ## 81 ## 1955 ## Rutgers University ## Trenton ## New Jersey]
[1848 ## Horace Grant ## 208 ## 97 ## 1965 ## Clemson University ## Augusta ## Georgia]
[88 ## Howie Janotta ## 190 ## 83 ## 1924 ## Seton Hall University ## nao informado ## nao informado]
[3622 ## Ian Clark ## 190 ## 79 ## 1991 ## Belmont University ## Memphis ## Tennessee]
[3619 ## Isaiah Canaan ## 183 ## 91 ## 1991 ## Murray State University ## Biloxi ## Mississippi]
[3134 ## J.J. Barea ## 203 ## 94 ## 1984 ## nao informado ## nao informado ## nao informado]
[3807 ## J.J. O'Brien ## 185 ## 81 ## 1992 ## nao informado ## nao informado ## nao informado]
[2602 ## J.R. Henderson ## 206 ## 104 ## 1980 ## nao informado ## nao informado ## nao informado]
[1919 ## Jack Haley ## 208 ## 108 ## 1964 ## University of California - Los Angeles ## Long Beach ## California]
[339 ## Jack Molinas ## 198 ## 90 ## 1931 ## Columbia University ## New York ## New York]
[2983 ## Jackie Butler ## 208 ## 113 ## 1985 ## nao informado ## McComb ## Mississippi]
[8 ## Jake Bornheimer ## 196 ## 90 ## 1927 ## Muhlenberg College ## New Brunswick ## New Jersey]
[25 ## Jake Carter ## 193 ## 88 ## 1924 ## East Texas State University ## nao informado ## nao informado]
[3878 ## Jake Layman ## 206 ## 95 ## 1994 ## University of Maryland ## Norwood ## Massachusetts]
[3389 ## James Anderson ## 198 ## 96 ## 1989 ## Oklahoma State University ## El Dorado ## Arkansas]
[2530 ## James Cotton ## 201 ## 90 ## 1924 ## University of Wyoming ## Miles City ## Montana]
[1405 ## James Donaldson ## 218 ## 124 ## 1957 ## Washington State University ## Heacham ## United Kingdom]
[3166 ## James Lang ## 208 ## 129 ## 1983 ## nao informado ## Mobile ## Alabama]
[3672 ## James Southerland ## 203 ## 97 ## 1990 ## Syracuse University ## Queens ## New York]
[1464 ## James Wilkes ## 198 ## 86 ## 1953 ## University of California - Los Angeles ## Berkeley ## California]
[3760 ## James Young ## 198 ## 97 ## 1995 ## University of Kentucky ## Flint ## Michigan]
[2786 ## Jamison Brewer ## 193 ## 83 ## 1980 ## Auburn University ## East Point ## Georgia]
[3524 ## Jan Vesely ## 211 ## 108 ## 1990 ## nao informado ## Ostrava ## Czech Republic]
[2883 ## Jannero Pargo ## 185 ## 79 ## 1979 ## University of Arkansas ## Chicago ## Illinois]
[2950 ## Jason Kapono ## 203 ## 96 ## 1981 ## University of California - Los Angeles ## Long Beach ## California]
[2337 ## Jason Kidd ## 193 ## 92 ## 1973 ## University of California ## San Francisco ## California]
[3087 ## Jason Maxiell ## 201 ## 117 ## 1983 ## University of Cincinnati ## Chicago ## Illinois]
[2689 ## Jason Miskiri ## 188 ## 79 ## 1975 ## George Mason University ## Georgetown ## Guyana]
[3253 ## Jason Smith ## 211 ## 113 ## 1977 ## Louisiana State University ## Atlanta ## Georgia]
[2113 ## Jayson Williams ## 206 ## 108 ## 1968 ## St. John's University ## Ritter ## South Carolina]
[3385 ## Jeff Adrien ## 201 ## 111 ## 1986 ## University of Connecticut ## Brookline ## Massachusetts]
[3379 ## Jeff Teague ## 188 ## 84 ## 1988 ## Wake Forest University ## Indianapolis ## Indiana]
[2545 ## Jerald Honeycutt ## 206 ## 111 ## 1974 ## Tulane University ## Shreveport ## Louisiana]
[2745 ## Jerome Moiso ## 208 ## 106 ## 1978 ## University of California - Los Angeles ## Paris ## France]
[1336 ## Jerome Whitehead ## 208 ## 99 ## 1956 ## Marquette University ## Waukegan ## Illinois]
[1453 ## Jerry Sichting ## 185 ## 76 ## 1956 ## Purdue University ## Martinsville ## Indiana]
[338 ## Jim Luisi ## 188 ## 81 ## 1928 ## St. Francis College ## nao informado ## nao informado]
[483 ## Jim Palmer ## 203 ## 101 ## 1933 ## University of Dayton ## Keokee ## Virginia]
[385 ## Jim Tucker ## 201 ## 83 ## 1932 ## Duquesne University ## Paris ## Kentucky]
[463 ## Jim Walsh ## 193 ## 88 ## 1930 ## Stanford University ## San Francisco ## California]
[2160 ## Jimmy Oliver ## 196 ## 92 ## 1969 ## Purdue University ## Menifee ## Arkansas]
[2900 ## Jiri Welsch ## 201 ## 94 ## 1980 ## nao informado ## Pardubice ## Czech Republic]
[3268 ## Joe Alexander ## 203 ## 104 ## 1986 ## West Virginia University ## Kaohsiung ## Taiwan]
[428 ## Joe Holup ## 198 ## 97 ## 1934 ## George Washington University ## nao informado ## nao informado]
[1106 ## Joe Meriweather ## 208 ## 97 ## 1953 ## Southern Illinois University ## Phenix City ## Alabama]
[1194 ## Joe Pace ## 208 ## 99 ## 1953 ## Coppin State University ## New Brunswick ## New Jersey]
[2433 ## Joe Smith ## 213 ## 106 ## 1944 ## University of Southern Colorado ## Columbus ## Mississippi]
[348 ## Joe Smyth ## 190 ## 97 ## 1929 ## Niagara University ## nao informado ## nao informado]
[3723 ## Joffrey Lauvergne ## 211 ## 99 ## 1991 ## nao informado ## Mulhouse ## France]
[2993 ## John Edwards ## 213 ## 124 ## 1981 ## Kent State University ## Warren ## Ohio]
[654 ## John Fairchild ## 203 ## 92 ## 1943 ## Brigham Young University ## Encinitas ## California]
[1606 ## John Garris ## 203 ## 92 ## 1959 ## Boston College ## Bridgeport ## Connecticut]
[1098 ## John Lambert ## 208 ## 102 ## 1953 ## University of Southern California ## Berkeley ## California]
[909 ## John Mengelt ## 188 ## 88 ## 1949 ## Auburn University ## Lacrosse ## Wisconsin]
[1957 ## John Starks ## 190 ## 81 ## 1965 ## Oklahoma State University ## Tulsa ## Oklahoma]
[3449 ## John Wall ## 193 ## 88 ## 1990 ## University of Kentucky ## Raleigh ## North Carolina]
[818 ## John Warren ## 190 ## 81 ## 1947 ## St. John's University ## Sparta ## Georgia]
[1805 ## Johnny Newman ## 201 ## 86 ## 1963 ## University of Richmond ## Danville ## Virginia]
[3820 ## Jonathon Simmons ## 185 ## 83 ## 1924 ## New York University ## Birmingham ## Alabama]
[3529 ## Jordan Williams ## 188 ## 83 ## 1951 ## New Mexico State University ## New Haven ## Connecticut]
[3054 ## Jose Calderon ## 190 ## 90 ## 1981 ## nao informado ## Villanueva de la Serena ## Spain]
[1940 ## Jose Ortiz ## 208 ## 102 ## 1963 ## Oregon State University ## Albonito ## Puerto Rico]
[1574 ## Jose Slaughter ## 196 ## 92 ## 1960 ## University of Portland ## Los Angeles ## California]
[3471 ## Justin Harper ## 208 ## 102 ## 1989 ## University of Richmond ## Richmond ## Virginia]
[3728 ## K.J. McDaniels ## 198 ## 90 ## 1992 ## nao informado ## nao informado ## nao informado]
[3725 ## Kalin Lucas ## 185 ## 88 ## 1989 ## Michigan State University ## Sterling Heights ## Michigan]
[1737 ## Karl Malone* ## 206 ## 113 ## 1963 ## Louisiana Tech University ## Summerfield ## Louisiana]
[3854 ## Kay Felder ## 175 ## 79 ## 1995 ## Oakland University ## Detroit ## Michigan]
[3454 ## Keith Benson ## 208 ## 106 ## 1954 ## Indiana University ## New Castle ## Indiana]
[1542 ## Keith Edmonson ## 196 ## 88 ## 1960 ## Purdue University ## Gulfport ## Mississippi]
[653 ## Keith Erickson ## 196 ## 88 ## 1944 ## University of California - Los Angeles ## San Francisco ## California]
[1308 ## Keith Herron ## 198 ## 88 ## 1956 ## Villanova University ## Memphis ## Tennessee]
[1208 ## Keith Starr ## 198 ## 86 ## 1954 ## University of Pittsburgh ## Sewickley ## Pennsylvania]
[3809 ## Kelly Oubre ## 201 ## 92 ## 1995 ## University of Kansas ## New Orleans ## Louisiana]
[1102 ## Ken Mayfield ## 188 ## 83 ## 1948 ## Tuskegee University ## Chicago ## Illinois]
[126 ## Ken Menke ## 183 ## 76 ## 1922 ## University of Illinois at Urbana-Champaign ## nao informado ## nao informado]
[2121 ## Kenny Anderson ## 183 ## 76 ## 1970 ## Georgia Institute of Technology ## Queens ## New York]
[1437 ## Kenny Natt ## 190 ## 83 ## 1958 ## University of Louisiana at Monroe ## Monroe ## Louisiana]
[1664 ## Kenton Edelin ## 203 ## 92 ## 1962 ## University of Virginia ## Heidelburg ## Germany]
[1856 ## Kevin Johnson ## 203 ## 108 ## 1962 ## Michigan State University ## Tuskegee ## Alabama]
[2718 ## Keyon Dooling ## 190 ## 88 ## 1980 ## University of Missouri ## Ft. Lauderdale ## Florida]
[3574 ## Khris Middleton ## 203 ## 106 ## 1991 ## Texas A&M University ## Charleston ## South Carolina]
[2960 ## Kirk Penney ## 196 ## 99 ## 1980 ## University of Wisconsin ## Auckland ## New Zealand]
[82 ## Kleggie Hermsen ## 206 ## 102 ## 1923 ## University of Minnesota ## Hill City ## Minnesota]
[2592 ## Kornel David ## 206 ## 106 ## 1971 ## nao informado ## Hungary ## nao informado]
[3299 ## Kosta Koufos ## 213 ## 120 ## 1989 ## Ohio State University ## Canton ## Ohio]
[3740 ## Kostas Papanikolaou ## 203 ## 102 ## 1990 ## nao informado ## Trikala ## Greece]
[1508 ## Kurt Nimphius ## 208 ## 98 ## 1958 ## Arizona State University ## Milwaukee ## Wisconsin]
[3479 ## Kyrie Irving ## 190 ## 87 ## 1992 ## Duke University ## Melbourne ## Australia]
[1667 ## Lancaster Gordon ## 190 ## 83 ## 1962 ## University of Louisville ## Jackson ## Mississippi]
[3206 ## Lance Allred ## 211 ## 113 ## 1981 ## Weber State University ## Salt Lake City ## Utah]
[3443 ## Lance Stephenson ## 196 ## 104 ## 1990 ## University of Cincinnati ## Brooklyn ## New York]
[2603 ## Larry Hughes ## 196 ## 83 ## 1979 ## Saint Louis University ## St. Louis ## Missouri]
[857 ## Larry Mikan ## 201 ## 95 ## 1948 ## University of Minnesota ## nao informado ## nao informado]
[1270 ## Larry Moffett ## 203 ## 95 ## 1954 ## University of Nevada - Las Vegas ## Mobile ## Alabama]
[2234 ## Latrell Sprewell ## 196 ## 86 ## 1970 ## University of Alabama ## Milwaukee ## Wisconsin]
[2419 ## Lawrence Moten ## 196 ## 83 ## 1972 ## Syracuse University ## Washington ## District of Columbia]
[3416 ## Lazar Hayward ## 198 ## 102 ## 1986 ## Marquette University ## Buffalo ## New York]
[2215 ## Lee Mayberry ## 185 ## 78 ## 1970 ## University of Arkansas ## Tulsa ## Oklahoma]
[100 ## Leo Klier ## 188 ## 77 ## 1923 ## University of Notre Dame ## Washington ## Indiana]
[3180 ## Leon Powe ## 203 ## 108 ## 1984 ## University of California ## Berkeley ## California]
[2834 ## Leon Smith ## 208 ## 106 ## 1980 ## nao informado ## Chicago ## Illinois]
[1584 ## Linton Townes ## 201 ## 86 ## 1959 ## James Madison University ## Richmond ## Virginia]
[2441 ## Logan Vander ## 203 ## 97 ## 1971 ## University of Wisconsin-Green Bay ## Valders ## Wisconsin]
[3613 ## Lorenzo Brown ## 196 ## 85 ## 1990 ## North Carolina State University ## Roswell ## Georgia]
[1450 ## Lorenzo Romar ## 185 ## 79 ## 1958 ## University of Washington ## South Gate ## California]
[2242 ## Lorenzo Williams ## 206 ## 90 ## 1969 ## Stetson University ## Ocala ## Florida]
[2152 ## Luc Longley ## 218 ## 120 ## 1969 ## University of New Mexico ## Melbourne ## Australia]
[3307 ## Luc Mbah ## 201 ## 99 ## 1984 ## nao informado ## nao informado ## nao informado]
[1018 ## Luke Witte ## 213 ## 106 ## 1950 ## Ohio State University ## Philadelphia ## Pennsylvania]
[2846 ## Maceo Baston ## 206 ## 97 ## 1975 ## University of Michigan ## Corsicana ## Texas]
[2048 ## Mahmoud Abdul-Rauf ## 188 ## 83 ## 1942 ## University of California - Los Angeles ## Wilmington ## Delaware]
[2623 ## Makhtar N'Diaye ## 203 ## 111 ## 1973 ## University of North Carolina ## Dakar ## Senegal]
[3842 ## Malcolm Brogdon ## 196 ## 97 ## 1992 ## University of Virginia ## Atlanta ## Georgia]
[2860 ## Manu Ginobili ## 198 ## 92 ## 1977 ## nao informado ## Bahia Blanca ## Argentina]
[2455 ## Marcus Brown ## 190 ## 83 ## 1974 ## Murray State University ## West Memphis ## Arkansas]
[3382 ## Marcus Thornton ## 193 ## 92 ## 1987 ## Louisiana State University ## Baton Rouge ## Louisiana]
[3143 ## Mardy Collins ## 198 ## 99 ## 1984 ## Temple University ## Philadelphia ## Pennsylvania]
[2067 ## Mario Elie ## 196 ## 95 ## 1963 ## American International College ## New York ## New York]
[2454 ## Mark Bradtke ## 208 ## 120 ## 1968 ## nao informado ## Adelaide ## Australia]
[2154 ## Mark Macon ## 196 ## 83 ## 1969 ## Temple University ## Saginaw ## Michigan]
[957 ## Mark Minor ## 198 ## 97 ## 1950 ## Ohio State University ## nao informado ## nao informado]
[1509 ## Mark Radford ## 193 ## 86 ## 1959 ## Oregon State University ## Tacoma ## Washington]
[2364 ## Mark Strickland ## 206 ## 95 ## 1970 ## Temple University ## Atlanta ## Georgia]
[2386 ## Marques Bragg ## 203 ## 104 ## 1970 ## Providence College ## East Orange ## New Jersey]
[2412 ## Martin Lewis ## 196 ## 95 ## 1975 ## Seward County Community College ## Liberal ## Kansas]
[882 ## Marv Winkler ## 185 ## 74 ## 1948 ## University of Louisiana at Lafayette ## nao informado ## nao informado]
[3664 ## Mason Plumlee ## 211 ## 111 ## 1990 ## Duke University ## Fort Wayne ## Indiana]
[2981 ## Matt Bonner ## 208 ## 106 ## 1980 ## University of Florida ## Concord ## New Hampshire]
[2328 ## Matt Fish ## 211 ## 106 ## 1969 ## University of North Carolina at Wilmington ## Washington ## Iowa]
[3630 ## Matthew Dellavedova ## 193 ## 89 ## 1990 ## Saint Mary's College of California ## Maryborough ## Australia]
[3127 ## Maurice Ager ## 196 ## 91 ## 1984 ## Michigan State University ## Detroit ## Michigan]
[1184 ## Maurice Lucas ## 206 ## 97 ## 1952 ## Marquette University ## Pittsburgh ## Pennsylvania]
[3888 ## Maurice Ndour ## 206 ## 90 ## 1992 ## Ohio University ## Sindia ## Senegal]
[222 ## Max Zaslofsky ## 188 ## 77 ## 1925 ## St. John's University ## Brooklyn ## New York]
[1139 ## Mel Daniels* ## 206 ## 99 ## 1944 ## University of New Mexico ## Detroit ## Michigan]
[273 ## Mel Payton ## 193 ## 83 ## 1926 ## Tulane University ## nao informado ## nao informado]
[1891 ## Michael Anderson ## 180 ## 83 ## 1966 ## Drexel University ## Philadelphia ## Pennsylvania]
[2255 ## Michael Curry ## 196 ## 95 ## 1968 ## Georgia Southern University ## Anniston ## Alabama]
[474 ## Mike Farmer ## 201 ## 95 ## 1936 ## University of San Francisco ## Oklahoma City ## Oklahoma]
[1159 ## Mike Green ## 208 ## 90 ## 1951 ## Louisiana Tech University ## McComb ## Mississippi]
[3228 ## Mike Harris ## 198 ## 108 ## 1983 ## Rice University ## Hillsboro ## Texas]
[805 ## Mike Lynn ## 201 ## 97 ## 1945 ## University of California - Los Angeles ## Covina ## California]
[963 ## Mike Ratliff ## 208 ## 104 ## 1951 ## University of Wisconsin-Eau Claire ## New Albany ## Mississippi]
[779 ## Mike Riordan ## 193 ## 90 ## 1945 ## Providence College ## New York ## New York]
[3318 ## Mike Taylor ## 188 ## 74 ## 1986 ## Iowa State University ## Chicago ## Illinois]
[1466 ## Mike Woodson ## 196 ## 88 ## 1958 ## Indiana University ## Indianapolis ## Indiana]
[2692 ## Milt Palacio ## 190 ## 88 ## 1978 ## Colorado State University ## Los Angeles ## California]
[2703 ## Mirsad Turkcan ## 206 ## 107 ## 1976 ## nao informado ## Novi Pazar ## Serbia]
[1404 ## Monti Davis ## 201 ## 92 ## 1958 ## Tennessee State University ## Warren ## Ohio]
[1973 ## Mookie Blaylock ## 183 ## 81 ## 1967 ## University of Oklahoma ## Garland ## Texas]
[1837 ## Muggsy Bogues ## 160 ## 61 ## 1965 ## Wake Forest University ## Baltimore ## Maryland]
[997 ## Nate Hawthorne ## 193 ## 86 ## 1950 ## Southern Illinois University ## Mt. Vernon ## Illinois]
[3295 ## Nathan Jawai ## 208 ## 127 ## 1986 ## Midland College ## Sydney ## Australia]
[3765 ## Nemanja Bjelica ## 208 ## 108 ## 1988 ## nao informado ## Belgrade ## Serbia]
[1967 ## Nick Anderson ## 198 ## 92 ## 1968 ## University of Illinois at Urbana-Champaign ## Chicago ## Illinois]
[3525 ## Nikola Vucevic ## 213 ## 117 ## 1990 ## University of Southern California ## Morges ## Switzerland]
[3512 ## Nolan Smith ## 188 ## 83 ## 1988 ## Duke University ## Louisville ## Kentucky]
[441 ## Norm Stewart ## 196 ## 92 ## 1935 ## University of Missouri ## Leonard ## Missouri]
[350 ## Norm Swanson ## 198 ## 95 ## 1930 ## University of Detroit Mercy ## Chicago ## Illinois]
[816 ## Norm Van ## 196 ## 86 ## 1939 ## nao informado ## nao informado ## nao informado]
[3815 ## Norman Powell ## 193 ## 97 ## 1993 ## University of California - Los Angeles ## San Diego ## California]
[950 ## Ollie Johnson ## 198 ## 90 ## 1949 ## Temple University ## Philadelphia ## Pennsylvania]
[3390 ## Omer Asik ## 213 ## 115 ## 1986 ## nao informado ## Bursa ## Turkey]
[3338 ## Omri Casspi ## 206 ## 102 ## 1988 ## nao informado ## Holon ## Israel]
[1529 ## Orlando Woolridge ## 206 ## 97 ## 1959 ## University of Notre Dame ## Bernice ## Louisiana]
[1066 ## Owen Wells ## 201 ## 90 ## 1950 ## University of Detroit Mercy ## Providence ## Rhode Island]
[3028 ## Pape Sow ## 208 ## 113 ## 1981 ## California State University - Fullerton ## Dakar ## Senegal]
[1349 ## Pat Cummings ## 206 ## 104 ## 1956 ## University of Cincinnati ## Johnstown ## Pennsylvania]
[3694 ## Patrick Christopher ## 196 ## 94 ## 1988 ## University of California ## Compton ## California]
[3883 ## Patrick McCaw ## 201 ## 83 ## 1995 ## University of Nevada - Las Vegas ## St. Louis ## Missouri]
[3173 ## Paul Millsap ## 203 ## 111 ## 1985 ## Louisiana Tech University ## Monroe ## Louisiana]
[192 ## Paul Seymour ## 185 ## 81 ## 1928 ## University of Toledo ## Toledo ## Ohio]
[974 ## Paul Westphal ## 193 ## 88 ## 1950 ## University of Southern California ## Torrance ## California]
[832 ## Pete Cross ## 206 ## 104 ## 1948 ## University of San Francisco ## nao informado ## nao informado]
[3666 ## Phil Pressey ## 180 ## 79 ## 1991 ## University of Missouri ## Dallas ## Texas]
[1131 ## Quinn Buckner ## 190 ## 86 ## 1954 ## Indiana University ## Phoenix ## Illinois]
[2192 ## Radisav Curcic ## 208 ## 124 ## 1965 ## nao informado ## Cacak ## Serbia]
[3769 ## Rakeem Christmas ## 206 ## 113 ## 1991 ## Syracuse University ## Irvington ## New Jersey]
[3251 ## Ramon Sessions ## 190 ## 86 ## 1986 ## University of Nevada - Reno ## Myrtle Beach ## South Carolina]
[1926 ## Randolph Keys ## 201 ## 88 ## 1966 ## University of Southern Mississippi ## Collins ## Mississippi]
[2130 ## Randy Brown ## 203 ## 99 ## 1965 ## University of Idaho ## Atlanta ## Georgia]
[1647 ## Randy Wittman ## 198 ## 95 ## 1959 ## Indiana University ## Indianapolis ## Indiana]
[2840 ## Ratko Varda ## 216 ## 117 ## 1979 ## nao informado ## Bosanska Gradiska ## Bosnia and Herzegovina]
[1302 ## Ray Epps ## 198 ## 88 ## 1956 ## Norfolk State University ## Amelia ## Virginia]
[3650 ## Ray McCallum ## 190 ## 86 ## 1991 ## University of Detroit Mercy ## Madison ## Wisconsin]
[2496 ## Ray Owes ## 206 ## 101 ## 1972 ## University of Arizona ## San Bernardino ## California]
[554 ## Ray Scott ## 206 ## 97 ## 1938 ## University of Portland ## Philadelphia ## Pennsylvania]
[172 ## Red Rocha ## 206 ## 83 ## 1923 ## Oregon State University ## Hilo ## Hawaii]
[1267 ## Rich Laurel ## 198 ## 86 ## 1954 ## Hofstra University ## Philadelphia ## Pennsylvania]
[1871 ## Richard Rellford ## 198 ## 104 ## 1964 ## University of Michigan ## Riviera Beach ## Florida]
[1887 ## Rickie Winslow ## 203 ## 102 ## 1964 ## University of Houston ## Houston ## Texas]
[1886 ## Ricky Wilson ## 196 ## 90 ## 1956 ## University of Louisville ## Louisville ## Kentucky]
[1931 ## Rob Lock ## 206 ## 102 ## 1966 ## University of Kentucky ## Reedley ## California]
[1195 ## Robert Parish* ## 213 ## 104 ## 1953 ## Centenary College of Louisiana ## Shreveport ## Louisiana]
[1275 ## Robert Reid ## 203 ## 92 ## 1955 ## St. Mary's University ## Atlanta ## Georgia]
[1549 ## Rod Higgins ## 201 ## 90 ## 1960 ## California State University - Fresno ## Monroe ## Louisiana]
[2156 ## Rodney Monroe ## 190 ## 83 ## 1968 ## North Carolina State University ## Baltimore ## Maryland]
[2305 ## Rodney Rogers ## 201 ## 106 ## 1971 ## Wake Forest University ## Durham ## North Carolina]
[1291 ## Ron Brewer ## 193 ## 81 ## 1955 ## University of Arkansas ## Fort Smith ## Arkansas]
[1914 ## Ron Grandison ## 198 ## 97 ## 1964 ## University of New Orleans ## Los Angeles ## California]
[111 ## Ron Livingstone ## 208 ## 99 ## 1925 ## University of Wyoming ## nao informado ## nao informado]
[439 ## Ron Shavlik ## 203 ## 90 ## 1933 ## North Carolina State University ## Denver ## Colorado]
[669 ## Ron Watts ## 198 ## 95 ## 1943 ## Wake Forest University ## nao informado ## nao informado]
[1950 ## Rony Seikaly ## 211 ## 104 ## 1965 ## Syracuse University ## Beirut ## Lebanon]
[2499 ## Roy Rogers ## 201 ## 106 ## 1971 ## Wake Forest University ## Durham ## North Carolina]
[1162 ## Rudy Hackett ## 206 ## 95 ## 1953 ## Syracuse University ## Mount Vernon ## New York]
[874 ## Rudy Tomjanovich ## 203 ## 98 ## 1948 ## University of Michigan ## Hamtramck ## Michigan]
[1572 ## Russ Schoene ## 208 ## 95 ## 1960 ## University of Tennessee at Chattanooga ## Trenton ## Illinois]
[3749 ## Russ Smith ## 183 ## 74 ## 1991 ## University of Louisville ## New York ## New York]
[3269 ## Ryan Anderson ## 208 ## 108 ## 1988 ## University of California ## Sacramento ## California]
[2339 ## Ryan Lorthridge ## 193 ## 86 ## 1972 ## Jackson State University ## Nashville ## Tennessee]
[3109 ## Salim Stoudamire ## 185 ## 81 ## 1982 ## University of Arizona ## Portland ## Oregon]
[2605 ## Sam Jacobson ## 193 ## 97 ## 1975 ## University of Minnesota ## Cottage Grove ## Minnesota]
[453 ## Sam Jones* ## 193 ## 89 ## 1933 ## North Carolina Central University ## Wilmington ## North Carolina]
[2512 ## Samaki Walker ## 206 ## 108 ## 1976 ## University of Louisville ## Columbus ## Ohio]
[2275 ## Scott Haskin ## 211 ## 113 ## 1970 ## Oregon State University ## Riverside ## California]
[3642 ## Scotty Hopson ## 201 ## 92 ## 1989 ## University of Tennessee ## Hopkinsville ## Kentucky]
[759 ## Shaler Halimon ## 196 ## 90 ## 1945 ## Utah State University ## Tampa ## Florida]
[3647 ## Shane Larkin ## 180 ## 79 ## 1992 ## University of Miami ## Cincinnati ## Ohio]
[3012 ## Shaun Livingston ## 201 ## 87 ## 1985 ## nao informado ## Peoria ## Illinois]
[2429 ## Shawn Respert ## 185 ## 88 ## 1972 ## Michigan State University ## Detroit ## Michigan]
[3203 ## Shelden Williams ## 185 ## 91 ## 1975 ## University of North Carolina ## Bronx ## New York]
[1609 ## Sidney Green ## 188 ## 83 ## 1933 ## Duquesne University ## New York ## New York]
[1016 ## Slick Watts ## 185 ## 79 ## 1951 ## Xavier University of Louisiana ## Rolling Ford ## Mississippi]
[2123 ## Stacey Augmon ## 203 ## 92 ## 1968 ## University of Nevada - Las Vegas ## Pasadena ## California]
[1976 ## Stanley Brundy ## 198 ## 95 ## 1967 ## DePaul University ## New Orleans ## Louisiana]
[2167 ## Stanley Roberts ## 213 ## 129 ## 1970 ## Louisiana State University ## Hopkins ## South Carolina]
[934 ## Steve Bracey ## 185 ## 79 ## 1950 ## University of Tulsa ## Brooklyn ## New York]
[804 ## Steve Kuberski ## 203 ## 97 ## 1947 ## Bradley University ## Moline ## Illinois]
[3194 ## Steven Smith ## 201 ## 90 ## 1969 ## Michigan State University ## Highland Park ## Michigan]
[2506 ## Stevin Smith ## 201 ## 90 ## 1969 ## Michigan State University ## Highland Park ## Michigan]
[513 ## Swede Halbrook ## 221 ## 106 ## 1933 ## Oregon State University ## nao informado ## nao informado]
[1247 ## T.R. Dunn ## 201 ## 104 ## 1954 ## nao informado ## nao informado ## nao informado]
[3165 ## Tarence Kinsey ## 198 ## 83 ## 1984 ## University of South Carolina ## Tampa ## Florida]
[3687 ## Tarik Black ## 206 ## 113 ## 1991 ## University of Kansas ## Memphis ## Tennessee]
[3227 ## Taurean Green ## 183 ## 80 ## 1986 ## University of Florida ## Fort Lauderdale ## Florida]
[2885 ## Tayshaun Prince ## 206 ## 96 ## 1980 ## University of Kentucky ## Compton ## California]
[1348 ## Terry Crosby ## 193 ## 88 ## 1957 ## University of Tennessee ## Toledo ## Ohio]
[833 ## Terry Driscoll ## 201 ## 97 ## 1947 ## Boston College ## Winthrop ## Massachusetts]
[3705 ## Tim Frazier ## 185 ## 77 ## 1990 ## Pennsylvania State University ## Houston ## Texas]
[3582 ## Tim Ohlbrecht ## 211 ## 115 ## 1988 ## nao informado ## Wuppertal ## Germany]
[2573 ## Tim Thomas ## 208 ## 104 ## 1977 ## Villanova University ## Paterson ## New Jersey]
[3881 ## Timothe Luwawu-Cabarrot ## 198 ## 92 ## 1995 ## nao informado ## Cannes ## France]
[823 ## Tiny Archibald* ## 185 ## 68 ## 1948 ## University of Texas at El Paso ## New York ## New York]
[2876 ## Tito Maddox ## 193 ## 86 ## 1981 ## California State University - Fresno ## Compton ## California]
[687 ## Toby Kimball ## 198 ## 99 ## 1942 ## University of Connecticut ## Framingham ## Massachusetts]
[1866 ## Tod Murphy ## 206 ## 99 ## 1963 ## University of California - Irvine ## Long Beach ## California]
[498 ## Tom Hawkins ## 196 ## 95 ## 1936 ## University of Notre Dame ## Chicago ## Illinois]
[618 ## Tom Thacker ## 188 ## 77 ## 1939 ## University of Cincinnati ## Covington ## Kentucky]
[1658 ## Tony Campbell ## 201 ## 97 ## 1962 ## Ohio State University ## Teaneck ## New Jersey]
[2076 ## Tony Harris ## 190 ## 86 ## 1967 ## University of New Orleans ## Monroe ## Louisiana]
[2823 ## Tony Parker ## 188 ## 83 ## 1982 ## nao informado ## Bruges ## Belgium]
[1277 ## Tony Robertson ## 193 ## 88 ## 1956 ## West Virginia University ## Detroit ## Michigan]
[2917 ## Torraye Braggs ## 203 ## 111 ## 1976 ## Xavier University ## Fresno ## California]
[3657 ## Toure' Murry ## 196 ## 88 ## 1989 ## Wichita State University ## Houston ## Texas]
[2383 ## Travis Best ## 180 ## 82 ## 1972 ## Georgia Institute of Technology ## Springfield ## Massachusetts]
[3297 ## Trey Johnson ## 196 ## 98 ## 1984 ## Jackson State University ## Jackson ## Mississippi]
[2546 ## Troy Hudson ## 185 ## 77 ## 1976 ## Southern Illinois University ## Carbondale ## Illinois]
[1051 ## Truck Robinson ## 201 ## 102 ## 1951 ## Tennessee State University ## Jacksonville ## Florida]
[3606 ## Tyler Zeller ## 213 ## 114 ## 1990 ## University of North Carolina ## Visalia ## California]
[2793 ## Tyson Chandler ## 216 ## 108 ## 1982 ## nao informado ## Hanford ## California]
[2939 ## Udonis Haslem ## 203 ## 106 ## 1980 ## University of Florida ## Miami ## Florida]
[3612 ## Vander Blue ## 193 ## 90 ## 1992 ## Marquette University ## Milwaukee ## Wisconsin]
[9 ## Vince Boryla ## 196 ## 95 ## 1927 ## University of Denver ## East Chicago ## Indiana]
[1578 ## Vince Taylor ## 196 ## 81 ## 1960 ## Duke University ## Lexington ## Kentucky]
[3633 ## Vitor Faverani ## 211 ## 117 ## 1988 ## nao informado ## Porto Alegre ## Brazil]
[1983 ## Vlade Divac ## 216 ## 110 ## 1968 ## nao informado ## Prijepolje ## Serbia]
[2410 ## Voshon Lenard ## 193 ## 92 ## 1973 ## University of Minnesota ## Detroit ## Michigan]
[93 ## Wah Wah ## 180 ## 77 ## 1921 ## nao informado ## nao informado ## nao informado]
[636 ## Wali Jones ## 193 ## 102 ## 1926 ## University of Kentucky ## Harlan ## Kentucky]
[839 ## Walt Gilmore ## 198 ## 102 ## 1947 ## Fort Valley State University ## nao informado ## nao informado]
[99 ## Walt Kirk ## 190 ## 78 ## 1924 ## University of Illinois at Urbana-Champaign ## Mount Vernon ## Illinois]
[3158 ## Walter Herrmann ## 206 ## 102 ## 1979 ## nao informado ## Venado Tuerto ## Argentina]
[1039 ## Wardell Jackson ## 201 ## 90 ## 1951 ## Ohio State University ## Yazoo City ## Mississippi]
[213 ## Whitey Von ## 193 ## 92 ## 1921 ## nao informado ## nao informado ## nao informado]
[1174 ## Wil Jones ## 190 ## 83 ## 1936 ## Northwestern University ## nao informado ## nao informado]
[1092 ## Wilbur Holland ## 183 ## 79 ## 1951 ## University of New Orleans ## Columbus ## Georgia]
[2057 ## Willie Burton ## 203 ## 95 ## 1968 ## University of Minnesota ## Detroit ## Michigan]
[517 ## Willie Jones ## 190 ## 83 ## 1936 ## Northwestern University ## nao informado ## nao informado]
[806 ## Willie McCarter ## 190 ## 79 ## 1946 ## Drake University ## Gary ## Indiana]
[1290 ## Winford Boynes ## 198 ## 83 ## 1957 ## University of San Francisco ## Greenville ## South Carolina]
[1840 ## Winston Crite ## 201 ## 105 ## 1965 ## Texas A&M University ## Bakersfield ## California]
[545 ## York Larese ## 193 ## 83 ## 1938 ## University of North Carolina ## New York ## New York]
[746 ## Zaid Abdul-Aziz ## 206 ## 106 ## 1946 ## Iowa State University ## Brooklyn ## New York]
[2963 ## Zoran Planinic ## 201 ## 88 ## 1982 ## nao informado ## Mostar ## Bosnia and Herzegovina]
[2547 ## Zydrunas Ilgauskas ## 221 ## 107 ## 1975 ## nao informado ## Kaunas ## Lithuania]
